{"/Users/derektaylor/projects/kemet/mobile/App.tsx": {"path":"/Users/derektaylor/projects/kemet/mobile/App.tsx","statementMap":{"0":{"start":{"line":19,"column":65},"end":{"line":24,"column":1}},"1":{"start":{"line":27,"column":34},"end":{"line":27,"column":64}},"2":{"start":{"line":28,"column":24},"end":{"line":28,"column":49}},"3":{"start":{"line":31,"column":52},"end":{"line":31,"column":63}},"4":{"start":{"line":33,"column":2},"end":{"line":35,"column":9}},"5":{"start":{"line":34,"column":4},"end":{"line":34,"column":76}},"6":{"start":{"line":34,"column":56},"end":{"line":34,"column":74}},"7":{"start":{"line":38,"column":4},"end":{"line":38,"column":19}},"8":{"start":{"line":39,"column":4},"end":{"line":39,"column":23}},"9":{"start":{"line":42,"column":2},"end":{"line":42,"column":37}},"10":{"start":{"line":42,"column":25},"end":{"line":42,"column":37}},"11":{"start":{"line":44,"column":2},"end":{"line":51,"column":3}},"12":{"start":{"line":45,"column":4},"end":{"line":50,"column":6}},"13":{"start":{"line":47,"column":39},"end":{"line":47,"column":56}},"14":{"start":{"line":53,"column":2},"end":{"line":84,"column":4}},"15":{"start":{"line":58,"column":64},"end":{"line":58,"column":80}},"16":{"start":{"line":69,"column":14},"end":{"line":69,"column":49}},"17":{"start":{"line":69,"column":42},"end":{"line":69,"column":47}},"18":{"start":{"line":70,"column":14},"end":{"line":70,"column":33}},"19":{"start":{"line":79,"column":10},"end":{"line":79,"column":116}},"20":{"start":{"line":79,"column":96},"end":{"line":79,"column":112}},"21":{"start":{"line":88,"column":2},"end":{"line":93,"column":4}},"22":{"start":{"line":96,"column":15},"end":{"line":133,"column":2}}},"fnMap":{"0":{"name":"App","decl":{"start":{"line":26,"column":24},"end":{"line":26,"column":27}},"loc":{"start":{"line":26,"column":30},"end":{"line":85,"column":1}},"line":26},"1":{"name":"(anonymous_1)","decl":{"start":{"line":33,"column":12},"end":{"line":33,"column":13}},"loc":{"start":{"line":33,"column":18},"end":{"line":35,"column":3}},"line":33},"2":{"name":"(anonymous_2)","decl":{"start":{"line":34,"column":50},"end":{"line":34,"column":51}},"loc":{"start":{"line":34,"column":56},"end":{"line":34,"column":74}},"line":34},"3":{"name":"handleLogout","decl":{"start":{"line":37,"column":17},"end":{"line":37,"column":29}},"loc":{"start":{"line":37,"column":32},"end":{"line":40,"column":3}},"line":37},"4":{"name":"(anonymous_4)","decl":{"start":{"line":47,"column":33},"end":{"line":47,"column":34}},"loc":{"start":{"line":47,"column":39},"end":{"line":47,"column":56}},"line":47},"5":{"name":"(anonymous_5)","decl":{"start":{"line":58,"column":54},"end":{"line":58,"column":55}},"loc":{"start":{"line":58,"column":64},"end":{"line":58,"column":80}},"line":58},"6":{"name":"(anonymous_6)","decl":{"start":{"line":68,"column":30},"end":{"line":68,"column":31}},"loc":{"start":{"line":68,"column":36},"end":{"line":71,"column":13}},"line":68},"7":{"name":"(anonymous_7)","decl":{"start":{"line":69,"column":35},"end":{"line":69,"column":36}},"loc":{"start":{"line":69,"column":42},"end":{"line":69,"column":47}},"line":69},"8":{"name":"(anonymous_8)","decl":{"start":{"line":78,"column":18},"end":{"line":78,"column":19}},"loc":{"start":{"line":79,"column":10},"end":{"line":79,"column":116}},"line":79},"9":{"name":"(anonymous_9)","decl":{"start":{"line":79,"column":90},"end":{"line":79,"column":91}},"loc":{"start":{"line":79,"column":96},"end":{"line":79,"column":112}},"line":79},"10":{"name":"TabButton","decl":{"start":{"line":87,"column":9},"end":{"line":87,"column":18}},"loc":{"start":{"line":87,"column":104},"end":{"line":94,"column":1}},"line":87}},"branchMap":{"0":{"loc":{"start":{"line":42,"column":2},"end":{"line":42,"column":37}},"type":"if","locations":[{"start":{"line":42,"column":2},"end":{"line":42,"column":37}},{"start":{},"end":{}}],"line":42},"1":{"loc":{"start":{"line":44,"column":2},"end":{"line":51,"column":3}},"type":"if","locations":[{"start":{"line":44,"column":2},"end":{"line":51,"column":3}},{"start":{},"end":{}}],"line":44},"2":{"loc":{"start":{"line":65,"column":9},"end":{"line":65,"column":73}},"type":"binary-expr","locations":[{"start":{"line":65,"column":9},"end":{"line":65,"column":27}},{"start":{"line":65,"column":31},"end":{"line":65,"column":73}}],"line":65},"3":{"loc":{"start":{"line":66,"column":9},"end":{"line":73,"column":9}},"type":"binary-expr","locations":[{"start":{"line":66,"column":9},"end":{"line":66,"column":28}},{"start":{"line":67,"column":10},"end":{"line":72,"column":12}}],"line":66},"4":{"loc":{"start":{"line":74,"column":9},"end":{"line":74,"column":51}},"type":"binary-expr","locations":[{"start":{"line":74,"column":9},"end":{"line":74,"column":28}},{"start":{"line":74,"column":32},"end":{"line":74,"column":51}}],"line":74},"5":{"loc":{"start":{"line":75,"column":9},"end":{"line":75,"column":47}},"type":"binary-expr","locations":[{"start":{"line":75,"column":9},"end":{"line":75,"column":26}},{"start":{"line":75,"column":30},"end":{"line":75,"column":47}}],"line":75},"6":{"loc":{"start":{"line":89,"column":41},"end":{"line":89,"column":73}},"type":"binary-expr","locations":[{"start":{"line":89,"column":41},"end":{"line":89,"column":47}},{"start":{"line":89,"column":51},"end":{"line":89,"column":73}}],"line":89},"7":{"loc":{"start":{"line":90,"column":35},"end":{"line":90,"column":64}},"type":"binary-expr","locations":[{"start":{"line":90,"column":35},"end":{"line":90,"column":41}},{"start":{"line":90,"column":45},"end":{"line":90,"column":64}}],"line":90},"8":{"loc":{"start":{"line":91,"column":37},"end":{"line":91,"column":68}},"type":"binary-expr","locations":[{"start":{"line":91,"column":37},"end":{"line":91,"column":43}},{"start":{"line":91,"column":47},"end":{"line":91,"column":68}}],"line":91}},"s":{"0":1,"1":12,"2":12,"3":12,"4":12,"5":3,"6":1,"7":1,"8":1,"9":12,"10":3,"11":9,"12":3,"13":1,"14":6,"15":12,"16":1,"17":1,"18":1,"19":24,"20":3,"21":24,"22":1},"f":{"0":12,"1":3,"2":1,"3":1,"4":1,"5":12,"6":1,"7":1,"8":24,"9":3,"10":24},"b":{"0":[3,9],"1":[3,6],"2":[6,3],"3":[6,1],"4":[6,1],"5":[6,1],"6":[24,6],"7":[24,6],"8":[24,6]},"_coverageSchema":"1a1c01bbd47fc00a2c39e90264f33305004495a9","hash":"f1d2a8a85d7d2dc64bca75d64b7c6b7db26d030b"}
,"/Users/derektaylor/projects/kemet/mobile/components/ui.tsx": {"path":"/Users/derektaylor/projects/kemet/mobile/components/ui.tsx","statementMap":{"0":{"start":{"line":34,"column":21},"end":{"line":34,"column":40}},"1":{"start":{"line":35,"column":2},"end":{"line":54,"column":4}},"2":{"start":{"line":39,"column":30},"end":{"line":45,"column":7}},"3":{"start":{"line":58,"column":2},"end":{"line":58,"column":62}},"4":{"start":{"line":62,"column":2},"end":{"line":69,"column":4}},"5":{"start":{"line":73,"column":2},"end":{"line":78,"column":4}},"6":{"start":{"line":81,"column":15},"end":{"line":124,"column":2}}},"fnMap":{"0":{"name":"KemetButton","decl":{"start":{"line":25,"column":16},"end":{"line":25,"column":27}},"loc":{"start":{"line":33,"column":21},"end":{"line":55,"column":1}},"line":33},"1":{"name":"(anonymous_1)","decl":{"start":{"line":39,"column":13},"end":{"line":39,"column":14}},"loc":{"start":{"line":39,"column":30},"end":{"line":45,"column":7}},"line":39},"2":{"name":"Card","decl":{"start":{"line":57,"column":16},"end":{"line":57,"column":20}},"loc":{"start":{"line":57,"column":103},"end":{"line":59,"column":1}},"line":57},"3":{"name":"SectionTitle","decl":{"start":{"line":61,"column":16},"end":{"line":61,"column":28}},"loc":{"start":{"line":61,"column":84},"end":{"line":70,"column":1}},"line":61},"4":{"name":"EmptyState","decl":{"start":{"line":72,"column":16},"end":{"line":72,"column":26}},"loc":{"start":{"line":72,"column":77},"end":{"line":79,"column":1}},"line":72}},"branchMap":{"0":{"loc":{"start":{"line":27,"column":2},"end":{"line":27,"column":21}},"type":"default-arg","locations":[{"start":{"line":27,"column":12},"end":{"line":27,"column":21}}],"line":27},"1":{"loc":{"start":{"line":28,"column":2},"end":{"line":28,"column":17}},"type":"default-arg","locations":[{"start":{"line":28,"column":12},"end":{"line":28,"column":17}}],"line":28},"2":{"loc":{"start":{"line":34,"column":21},"end":{"line":34,"column":40}},"type":"binary-expr","locations":[{"start":{"line":34,"column":21},"end":{"line":34,"column":29}},{"start":{"line":34,"column":33},"end":{"line":34,"column":40}}],"line":34},"3":{"loc":{"start":{"line":42,"column":8},"end":{"line":42,"column":54}},"type":"binary-expr","locations":[{"start":{"line":42,"column":8},"end":{"line":42,"column":15}},{"start":{"line":42,"column":19},"end":{"line":42,"column":30}},{"start":{"line":42,"column":34},"end":{"line":42,"column":54}}],"line":42},"4":{"loc":{"start":{"line":43,"column":8},"end":{"line":43,"column":43}},"type":"binary-expr","locations":[{"start":{"line":43,"column":8},"end":{"line":43,"column":18}},{"start":{"line":43,"column":22},"end":{"line":43,"column":43}}],"line":43},"5":{"loc":{"start":{"line":48,"column":7},"end":{"line":52,"column":7}},"type":"cond-expr","locations":[{"start":{"line":49,"column":8},"end":{"line":49,"column":92}},{"start":{"line":51,"column":8},"end":{"line":51,"column":99}}],"line":48},"6":{"loc":{"start":{"line":49,"column":34},"end":{"line":49,"column":88}},"type":"cond-expr","locations":[{"start":{"line":49,"column":58},"end":{"line":49,"column":70}},{"start":{"line":49,"column":73},"end":{"line":49,"column":88}}],"line":49},"7":{"loc":{"start":{"line":65,"column":9},"end":{"line":65,"column":62}},"type":"binary-expr","locations":[{"start":{"line":65,"column":9},"end":{"line":65,"column":15}},{"start":{"line":65,"column":19},"end":{"line":65,"column":62}}],"line":65}},"s":{"0":28,"1":28,"2":28,"3":40,"4":13,"5":12,"6":6},"f":{"0":28,"1":28,"2":40,"3":13,"4":12},"b":{"0":[28],"1":[17],"2":[28,13],"3":[28,0,0],"4":[28,16],"5":[1,27],"6":[1,0],"7":[13,13]},"_coverageSchema":"1a1c01bbd47fc00a2c39e90264f33305004495a9","hash":"58f8f3176660bb2fa3b257909695b534f8fb764f"}
,"/Users/derektaylor/projects/kemet/mobile/lib/api.ts": {"path":"/Users/derektaylor/projects/kemet/mobile/lib/api.ts","statementMap":{"0":{"start":{"line":7,"column":28},"end":{"line":7,"column":55}},"1":{"start":{"line":12,"column":16},"end":{"line":12,"column":38}},"2":{"start":{"line":13,"column":19},"end":{"line":20,"column":4}},"3":{"start":{"line":21,"column":2},"end":{"line":24,"column":3}},"4":{"start":{"line":22,"column":17},"end":{"line":22,"column":54}},"5":{"start":{"line":22,"column":51},"end":{"line":22,"column":53}},"6":{"start":{"line":23,"column":4},"end":{"line":23,"column":62}},"7":{"start":{"line":25,"column":2},"end":{"line":25,"column":18}},"8":{"start":{"line":55,"column":14},"end":{"line":55,"column":51}},"9":{"start":{"line":56,"column":2},"end":{"line":56,"column":20}},"10":{"start":{"line":60,"column":14},"end":{"line":60,"column":57}},"11":{"start":{"line":61,"column":2},"end":{"line":61,"column":20}},"12":{"start":{"line":71,"column":14},"end":{"line":71,"column":51}},"13":{"start":{"line":72,"column":2},"end":{"line":72,"column":20}},"14":{"start":{"line":76,"column":14},"end":{"line":79,"column":4}},"15":{"start":{"line":80,"column":2},"end":{"line":80,"column":20}},"16":{"start":{"line":84,"column":14},"end":{"line":84,"column":81}},"17":{"start":{"line":85,"column":2},"end":{"line":85,"column":20}},"18":{"start":{"line":94,"column":14},"end":{"line":97,"column":4}},"19":{"start":{"line":98,"column":2},"end":{"line":98,"column":20}}},"fnMap":{"0":{"name":"authorizedFetch","decl":{"start":{"line":9,"column":15},"end":{"line":9,"column":30}},"loc":{"start":{"line":9,"column":91},"end":{"line":26,"column":1}},"line":9},"1":{"name":"(anonymous_1)","decl":{"start":{"line":22,"column":45},"end":{"line":22,"column":46}},"loc":{"start":{"line":22,"column":51},"end":{"line":22,"column":53}},"line":22},"2":{"name":"fetchFacultyList","decl":{"start":{"line":54,"column":22},"end":{"line":54,"column":38}},"loc":{"start":{"line":54,"column":68},"end":{"line":57,"column":1}},"line":54},"3":{"name":"fetchFaculty","decl":{"start":{"line":59,"column":22},"end":{"line":59,"column":34}},"loc":{"start":{"line":59,"column":72},"end":{"line":62,"column":1}},"line":59},"4":{"name":"fetchUserProfile","decl":{"start":{"line":70,"column":22},"end":{"line":70,"column":38}},"loc":{"start":{"line":70,"column":63},"end":{"line":73,"column":1}},"line":70},"5":{"name":"setActiveFaculty","decl":{"start":{"line":75,"column":22},"end":{"line":75,"column":38}},"loc":{"start":{"line":75,"column":80},"end":{"line":81,"column":1}},"line":75},"6":{"name":"markPracticeComplete","decl":{"start":{"line":83,"column":22},"end":{"line":83,"column":42}},"loc":{"start":{"line":83,"column":81},"end":{"line":86,"column":1}},"line":83},"7":{"name":"sendCompanionMessage","decl":{"start":{"line":93,"column":22},"end":{"line":93,"column":42}},"loc":{"start":{"line":93,"column":83},"end":{"line":99,"column":1}},"line":93}},"branchMap":{"0":{"loc":{"start":{"line":9,"column":45},"end":{"line":9,"column":70}},"type":"default-arg","locations":[{"start":{"line":9,"column":68},"end":{"line":9,"column":70}}],"line":9},"1":{"loc":{"start":{"line":16,"column":10},"end":{"line":16,"column":31}},"type":"binary-expr","locations":[{"start":{"line":16,"column":10},"end":{"line":16,"column":25}},{"start":{"line":16,"column":29},"end":{"line":16,"column":31}}],"line":16},"2":{"loc":{"start":{"line":21,"column":2},"end":{"line":24,"column":3}},"type":"if","locations":[{"start":{"line":21,"column":2},"end":{"line":24,"column":3}},{"start":{},"end":{}}],"line":21}},"s":{"0":1,"1":9,"2":9,"3":9,"4":2,"5":1,"6":2,"7":7,"8":3,"9":2,"10":1,"11":1,"12":2,"13":1,"14":1,"15":1,"16":1,"17":1,"18":1,"19":1},"f":{"0":9,"1":1,"2":3,"3":1,"4":2,"5":1,"6":1,"7":1},"b":{"0":[6],"1":[9,9],"2":[2,7]},"_coverageSchema":"1a1c01bbd47fc00a2c39e90264f33305004495a9","hash":"e0330c6fd68808d1ee4d66552038f4fce6fa166a"}
,"/Users/derektaylor/projects/kemet/mobile/lib/auth0Client.ts": {"path":"/Users/derektaylor/projects/kemet/mobile/lib/auth0Client.ts","statementMap":{"0":{"start":{"line":8,"column":21},"end":{"line":11,"column":2}},"1":{"start":{"line":14,"column":22},"end":{"line":25,"column":3}},"2":{"start":{"line":26,"column":2},"end":{"line":26,"column":62}},"3":{"start":{"line":30,"column":2},"end":{"line":30,"column":78}},"4":{"start":{"line":31,"column":2},"end":{"line":31,"column":52}},"5":{"start":{"line":35,"column":2},"end":{"line":35,"column":56}},"6":{"start":{"line":41,"column":22},"end":{"line":41,"column":69}},"7":{"start":{"line":42,"column":2},"end":{"line":42,"column":33}}},"fnMap":{"0":{"name":"login","decl":{"start":{"line":13,"column":22},"end":{"line":13,"column":27}},"loc":{"start":{"line":13,"column":45},"end":{"line":27,"column":1}},"line":13},"1":{"name":"logout","decl":{"start":{"line":29,"column":22},"end":{"line":29,"column":28}},"loc":{"start":{"line":29,"column":46},"end":{"line":32,"column":1}},"line":29},"2":{"name":"hasValidCredentials","decl":{"start":{"line":34,"column":22},"end":{"line":34,"column":41}},"loc":{"start":{"line":34,"column":62},"end":{"line":36,"column":1}},"line":34},"3":{"name":"getAccessToken","decl":{"start":{"line":40,"column":22},"end":{"line":40,"column":36}},"loc":{"start":{"line":40,"column":56},"end":{"line":43,"column":1}},"line":40}},"branchMap":{},"s":{"0":1,"1":1,"2":1,"3":1,"4":1,"5":1,"6":1,"7":1},"f":{"0":1,"1":1,"2":1,"3":1},"b":{},"_coverageSchema":"1a1c01bbd47fc00a2c39e90264f33305004495a9","hash":"ca6216b225e5ea85b67821ff66748c04a1220386"}
,"/Users/derektaylor/projects/kemet/mobile/lib/journalStorage.ts": {"path":"/Users/derektaylor/projects/kemet/mobile/lib/journalStorage.ts","statementMap":{"0":{"start":{"line":21,"column":20},"end":{"line":21,"column":43}},"1":{"start":{"line":22,"column":16},"end":{"line":22,"column":35}},"2":{"start":{"line":31,"column":14},"end":{"line":31,"column":53}},"3":{"start":{"line":32,"column":2},"end":{"line":32,"column":36}},"4":{"start":{"line":36,"column":18},"end":{"line":36,"column":43}},"5":{"start":{"line":37,"column":2},"end":{"line":37,"column":89}},"6":{"start":{"line":38,"column":2},"end":{"line":38,"column":67}},"7":{"start":{"line":42,"column":2},"end":{"line":42,"column":43}},"8":{"start":{"line":46,"column":2},"end":{"line":46,"column":47}},"9":{"start":{"line":56,"column":22},"end":{"line":56,"column":66}},"10":{"start":{"line":57,"column":21},"end":{"line":57,"column":64}},"11":{"start":{"line":58,"column":2},"end":{"line":60,"column":3}},"12":{"start":{"line":59,"column":4},"end":{"line":59,"column":35}},"13":{"start":{"line":62,"column":17},"end":{"line":65,"column":4}},"14":{"start":{"line":67,"column":2},"end":{"line":67,"column":67}}},"fnMap":{"0":{"name":"getJournalEntries","decl":{"start":{"line":30,"column":22},"end":{"line":30,"column":39}},"loc":{"start":{"line":30,"column":67},"end":{"line":33,"column":1}},"line":30},"1":{"name":"addJournalEntry","decl":{"start":{"line":35,"column":22},"end":{"line":35,"column":37}},"loc":{"start":{"line":35,"column":67},"end":{"line":39,"column":1}},"line":35},"2":{"name":"getStoredPin","decl":{"start":{"line":41,"column":22},"end":{"line":41,"column":34}},"loc":{"start":{"line":41,"column":61},"end":{"line":43,"column":1}},"line":41},"3":{"name":"setStoredPin","decl":{"start":{"line":45,"column":22},"end":{"line":45,"column":34}},"loc":{"start":{"line":45,"column":63},"end":{"line":47,"column":1}},"line":45},"4":{"name":"requireReauth","decl":{"start":{"line":55,"column":22},"end":{"line":55,"column":35}},"loc":{"start":{"line":55,"column":61},"end":{"line":68,"column":1}},"line":55}},"branchMap":{"0":{"loc":{"start":{"line":32,"column":9},"end":{"line":32,"column":35}},"type":"cond-expr","locations":[{"start":{"line":32,"column":15},"end":{"line":32,"column":30}},{"start":{"line":32,"column":33},"end":{"line":32,"column":35}}],"line":32},"1":{"loc":{"start":{"line":58,"column":2},"end":{"line":60,"column":3}},"type":"if","locations":[{"start":{"line":58,"column":2},"end":{"line":60,"column":3}},{"start":{},"end":{}}],"line":58},"2":{"loc":{"start":{"line":58,"column":6},"end":{"line":58,"column":33}},"type":"binary-expr","locations":[{"start":{"line":58,"column":6},"end":{"line":58,"column":18}},{"start":{"line":58,"column":22},"end":{"line":58,"column":33}}],"line":58},"3":{"loc":{"start":{"line":67,"column":9},"end":{"line":67,"column":66}},"type":"cond-expr","locations":[{"start":{"line":67,"column":26},"end":{"line":67,"column":45}},{"start":{"line":67,"column":48},"end":{"line":67,"column":66}}],"line":67}},"s":{"0":1,"1":1,"2":3,"3":3,"4":1,"5":1,"6":1,"7":1,"8":1,"9":4,"10":4,"11":4,"12":2,"13":2,"14":2},"f":{"0":3,"1":1,"2":1,"3":1,"4":4},"b":{"0":[2,1],"1":[2,2],"2":[4,3],"3":[1,1]},"_coverageSchema":"1a1c01bbd47fc00a2c39e90264f33305004495a9","hash":"3551ef0979dede2a57835bbebfd0f67c664ae1d5"}
,"/Users/derektaylor/projects/kemet/mobile/screens/CompanionScreen.tsx": {"path":"/Users/derektaylor/projects/kemet/mobile/screens/CompanionScreen.tsx","statementMap":{"0":{"start":{"line":14,"column":34},"end":{"line":14,"column":64}},"1":{"start":{"line":15,"column":28},"end":{"line":15,"column":40}},"2":{"start":{"line":16,"column":32},"end":{"line":16,"column":47}},"3":{"start":{"line":19,"column":17},"end":{"line":19,"column":29}},"4":{"start":{"line":20,"column":4},"end":{"line":20,"column":33}},"5":{"start":{"line":20,"column":26},"end":{"line":20,"column":33}},"6":{"start":{"line":22,"column":40},"end":{"line":22,"column":86}},"7":{"start":{"line":23,"column":4},"end":{"line":23,"column":50}},"8":{"start":{"line":23,"column":26},"end":{"line":23,"column":48}},"9":{"start":{"line":24,"column":4},"end":{"line":24,"column":17}},"10":{"start":{"line":25,"column":4},"end":{"line":25,"column":21}},"11":{"start":{"line":27,"column":4},"end":{"line":40,"column":5}},"12":{"start":{"line":28,"column":23},"end":{"line":28,"column":55}},"13":{"start":{"line":29,"column":6},"end":{"line":32,"column":9}},"14":{"start":{"line":29,"column":28},"end":{"line":32,"column":7}},"15":{"start":{"line":34,"column":6},"end":{"line":37,"column":9}},"16":{"start":{"line":34,"column":28},"end":{"line":37,"column":7}},"17":{"start":{"line":39,"column":6},"end":{"line":39,"column":24}},"18":{"start":{"line":43,"column":2},"end":{"line":82,"column":4}},"19":{"start":{"line":50,"column":29},"end":{"line":50,"column":33}},"20":{"start":{"line":59,"column":10},"end":{"line":66,"column":17}},"21":{"start":{"line":85,"column":15},"end":{"line":117,"column":2}}},"fnMap":{"0":{"name":"CompanionScreen","decl":{"start":{"line":13,"column":24},"end":{"line":13,"column":39}},"loc":{"start":{"line":13,"column":42},"end":{"line":83,"column":1}},"line":13},"1":{"name":"handleSend","decl":{"start":{"line":18,"column":17},"end":{"line":18,"column":27}},"loc":{"start":{"line":18,"column":30},"end":{"line":41,"column":3}},"line":18},"2":{"name":"(anonymous_2)","decl":{"start":{"line":23,"column":16},"end":{"line":23,"column":17}},"loc":{"start":{"line":23,"column":26},"end":{"line":23,"column":48}},"line":23},"3":{"name":"(anonymous_3)","decl":{"start":{"line":29,"column":18},"end":{"line":29,"column":19}},"loc":{"start":{"line":29,"column":28},"end":{"line":32,"column":7}},"line":29},"4":{"name":"(anonymous_4)","decl":{"start":{"line":34,"column":18},"end":{"line":34,"column":19}},"loc":{"start":{"line":34,"column":28},"end":{"line":37,"column":7}},"line":34},"5":{"name":"(anonymous_5)","decl":{"start":{"line":50,"column":22},"end":{"line":50,"column":23}},"loc":{"start":{"line":50,"column":29},"end":{"line":50,"column":33}},"line":50},"6":{"name":"(anonymous_6)","decl":{"start":{"line":58,"column":20},"end":{"line":58,"column":21}},"loc":{"start":{"line":59,"column":10},"end":{"line":66,"column":17}},"line":59}},"branchMap":{"0":{"loc":{"start":{"line":20,"column":4},"end":{"line":20,"column":33}},"type":"if","locations":[{"start":{"line":20,"column":4},"end":{"line":20,"column":33}},{"start":{},"end":{}}],"line":20},"1":{"loc":{"start":{"line":20,"column":8},"end":{"line":20,"column":24}},"type":"binary-expr","locations":[{"start":{"line":20,"column":8},"end":{"line":20,"column":13}},{"start":{"line":20,"column":17},"end":{"line":20,"column":24}}],"line":20},"2":{"loc":{"start":{"line":36,"column":73},"end":{"line":36,"column":87}},"type":"binary-expr","locations":[{"start":{"line":36,"column":73},"end":{"line":36,"column":82}},{"start":{"line":36,"column":86},"end":{"line":36,"column":87}}],"line":36},"3":{"loc":{"start":{"line":46,"column":16},"end":{"line":46,"column":61}},"type":"cond-expr","locations":[{"start":{"line":46,"column":40},"end":{"line":46,"column":49}},{"start":{"line":46,"column":52},"end":{"line":46,"column":61}}],"line":46},"4":{"loc":{"start":{"line":59,"column":39},"end":{"line":59,"column":104}},"type":"cond-expr","locations":[{"start":{"line":59,"column":62},"end":{"line":59,"column":79}},{"start":{"line":59,"column":82},"end":{"line":59,"column":104}}],"line":59},"5":{"loc":{"start":{"line":60,"column":13},"end":{"line":64,"column":13}},"type":"binary-expr","locations":[{"start":{"line":60,"column":13},"end":{"line":60,"column":38}},{"start":{"line":63,"column":14},"end":{"line":63,"column":100}}],"line":60},"6":{"loc":{"start":{"line":65,"column":45},"end":{"line":65,"column":90}},"type":"binary-expr","locations":[{"start":{"line":65,"column":45},"end":{"line":65,"column":65}},{"start":{"line":65,"column":69},"end":{"line":65,"column":90}}],"line":65},"7":{"loc":{"start":{"line":79,"column":65},"end":{"line":79,"column":89}},"type":"binary-expr","locations":[{"start":{"line":79,"column":65},"end":{"line":79,"column":72}},{"start":{"line":79,"column":76},"end":{"line":79,"column":89}}],"line":79}},"s":{"0":7,"1":7,"2":7,"3":2,"4":2,"5":0,"6":2,"7":2,"8":2,"9":2,"10":2,"11":2,"12":2,"13":1,"14":1,"15":1,"16":1,"17":2,"18":7,"19":6,"20":4,"21":1},"f":{"0":7,"1":2,"2":2,"3":1,"4":1,"5":6,"6":4},"b":{"0":[0,2],"1":[2,2],"2":[1,0],"3":[7,0],"4":[2,2],"5":[4,2],"6":[4,2],"7":[7,7]},"_coverageSchema":"1a1c01bbd47fc00a2c39e90264f33305004495a9","hash":"c08b3bde001cf65479ce5de5692c85225c7aae00"}
,"/Users/derektaylor/projects/kemet/mobile/screens/FacultiesScreen.tsx": {"path":"/Users/derektaylor/projects/kemet/mobile/screens/FacultiesScreen.tsx","statementMap":{"0":{"start":{"line":8,"column":36},"end":{"line":8,"column":66}},"1":{"start":{"line":9,"column":48},"end":{"line":9,"column":77}},"2":{"start":{"line":10,"column":32},"end":{"line":10,"column":46}},"3":{"start":{"line":11,"column":36},"end":{"line":11,"column":65}},"4":{"start":{"line":13,"column":2},"end":{"line":21,"column":9}},"5":{"start":{"line":14,"column":4},"end":{"line":20,"column":40}},"6":{"start":{"line":16,"column":8},"end":{"line":16,"column":27}},"7":{"start":{"line":17,"column":8},"end":{"line":17,"column":52}},"8":{"start":{"line":19,"column":20},"end":{"line":19,"column":64}},"9":{"start":{"line":20,"column":21},"end":{"line":20,"column":38}},"10":{"start":{"line":24,"column":4},"end":{"line":24,"column":46}},"11":{"start":{"line":24,"column":39},"end":{"line":24,"column":46}},"12":{"start":{"line":25,"column":4},"end":{"line":25,"column":28}},"13":{"start":{"line":26,"column":4},"end":{"line":34,"column":5}},"14":{"start":{"line":27,"column":22},"end":{"line":27,"column":55}},"15":{"start":{"line":28,"column":6},"end":{"line":28,"column":50}},"16":{"start":{"line":29,"column":6},"end":{"line":29,"column":25}},"17":{"start":{"line":31,"column":6},"end":{"line":31,"column":51}},"18":{"start":{"line":33,"column":6},"end":{"line":33,"column":25}},"19":{"start":{"line":37,"column":2},"end":{"line":37,"column":66}},"20":{"start":{"line":37,"column":15},"end":{"line":37,"column":66}},"21":{"start":{"line":39,"column":2},"end":{"line":77,"column":4}},"22":{"start":{"line":50,"column":29},"end":{"line":50,"column":33}},"23":{"start":{"line":53,"column":27},"end":{"line":53,"column":54}},"24":{"start":{"line":54,"column":10},"end":{"line":73,"column":12}},"25":{"start":{"line":57,"column":29},"end":{"line":57,"column":50}},"26":{"start":{"line":80,"column":15},"end":{"line":124,"column":2}}},"fnMap":{"0":{"name":"FacultiesScreen","decl":{"start":{"line":7,"column":24},"end":{"line":7,"column":39}},"loc":{"start":{"line":7,"column":96},"end":{"line":78,"column":1}},"line":7},"1":{"name":"(anonymous_1)","decl":{"start":{"line":13,"column":12},"end":{"line":13,"column":13}},"loc":{"start":{"line":13,"column":18},"end":{"line":21,"column":3}},"line":13},"2":{"name":"(anonymous_2)","decl":{"start":{"line":15,"column":12},"end":{"line":15,"column":13}},"loc":{"start":{"line":15,"column":33},"end":{"line":18,"column":7}},"line":15},"3":{"name":"(anonymous_3)","decl":{"start":{"line":19,"column":13},"end":{"line":19,"column":14}},"loc":{"start":{"line":19,"column":20},"end":{"line":19,"column":64}},"line":19},"4":{"name":"(anonymous_4)","decl":{"start":{"line":20,"column":15},"end":{"line":20,"column":16}},"loc":{"start":{"line":20,"column":21},"end":{"line":20,"column":38}},"line":20},"5":{"name":"handleSelect","decl":{"start":{"line":23,"column":17},"end":{"line":23,"column":29}},"loc":{"start":{"line":23,"column":49},"end":{"line":35,"column":3}},"line":23},"6":{"name":"(anonymous_6)","decl":{"start":{"line":50,"column":22},"end":{"line":50,"column":23}},"loc":{"start":{"line":50,"column":29},"end":{"line":50,"column":33}},"line":50},"7":{"name":"(anonymous_7)","decl":{"start":{"line":52,"column":20},"end":{"line":52,"column":21}},"loc":{"start":{"line":52,"column":34},"end":{"line":74,"column":9}},"line":52},"8":{"name":"(anonymous_8)","decl":{"start":{"line":57,"column":23},"end":{"line":57,"column":24}},"loc":{"start":{"line":57,"column":29},"end":{"line":57,"column":50}},"line":57}},"branchMap":{"0":{"loc":{"start":{"line":19,"column":48},"end":{"line":19,"column":62}},"type":"binary-expr","locations":[{"start":{"line":19,"column":48},"end":{"line":19,"column":57}},{"start":{"line":19,"column":61},"end":{"line":19,"column":62}}],"line":19},"1":{"loc":{"start":{"line":24,"column":4},"end":{"line":24,"column":46}},"type":"if","locations":[{"start":{"line":24,"column":4},"end":{"line":24,"column":46}},{"start":{},"end":{}}],"line":24},"2":{"loc":{"start":{"line":31,"column":34},"end":{"line":31,"column":48}},"type":"binary-expr","locations":[{"start":{"line":31,"column":34},"end":{"line":31,"column":43}},{"start":{"line":31,"column":47},"end":{"line":31,"column":48}}],"line":31},"3":{"loc":{"start":{"line":37,"column":2},"end":{"line":37,"column":66}},"type":"if","locations":[{"start":{"line":37,"column":2},"end":{"line":37,"column":66}},{"start":{},"end":{}}],"line":37},"4":{"loc":{"start":{"line":56,"column":34},"end":{"line":56,"column":62}},"type":"binary-expr","locations":[{"start":{"line":56,"column":34},"end":{"line":56,"column":42}},{"start":{"line":56,"column":46},"end":{"line":56,"column":62}}],"line":56},"5":{"loc":{"start":{"line":60,"column":47},"end":{"line":60,"column":82}},"type":"binary-expr","locations":[{"start":{"line":60,"column":47},"end":{"line":60,"column":55}},{"start":{"line":60,"column":59},"end":{"line":60,"column":82}}],"line":60},"6":{"loc":{"start":{"line":61,"column":48},"end":{"line":61,"column":82}},"type":"binary-expr","locations":[{"start":{"line":61,"column":48},"end":{"line":61,"column":56}},{"start":{"line":61,"column":60},"end":{"line":61,"column":82}}],"line":61},"7":{"loc":{"start":{"line":64,"column":47},"end":{"line":64,"column":80}},"type":"binary-expr","locations":[{"start":{"line":64,"column":47},"end":{"line":64,"column":55}},{"start":{"line":64,"column":59},"end":{"line":64,"column":80}}],"line":64},"8":{"loc":{"start":{"line":65,"column":50},"end":{"line":65,"column":86}},"type":"binary-expr","locations":[{"start":{"line":65,"column":50},"end":{"line":65,"column":58}},{"start":{"line":65,"column":62},"end":{"line":65,"column":86}}],"line":65},"9":{"loc":{"start":{"line":67,"column":15},"end":{"line":71,"column":22}},"type":"cond-expr","locations":[{"start":{"line":68,"column":16},"end":{"line":68,"column":37}},{"start":{"line":69,"column":18},"end":{"line":71,"column":22}}],"line":67},"10":{"loc":{"start":{"line":69,"column":18},"end":{"line":71,"column":22}},"type":"cond-expr","locations":[{"start":{"line":70,"column":16},"end":{"line":70,"column":62}},{"start":{"line":71,"column":18},"end":{"line":71,"column":22}}],"line":69}},"s":{"0":10,"1":10,"2":10,"3":10,"4":10,"5":4,"6":3,"7":3,"8":1,"9":4,"10":3,"11":1,"12":2,"13":2,"14":2,"15":1,"16":1,"17":1,"18":2,"19":10,"20":4,"21":6,"22":10,"23":7,"24":7,"25":3,"26":1},"f":{"0":10,"1":4,"2":3,"3":1,"4":4,"5":3,"6":10,"7":7,"8":3},"b":{"0":[1,0],"1":[1,2],"2":[1,0],"3":[4,6],"4":[7,3],"5":[7,3],"6":[7,3],"7":[7,3],"8":[7,3],"9":[0,7],"10":[3,4]},"_coverageSchema":"1a1c01bbd47fc00a2c39e90264f33305004495a9","hash":"1799a3a91cc627fc1eeba2eb1ddb2732d650efb7"}
,"/Users/derektaylor/projects/kemet/mobile/screens/JournalScreen.tsx": {"path":"/Users/derektaylor/projects/kemet/mobile/screens/JournalScreen.tsx","statementMap":{"0":{"start":{"line":21,"column":34},"end":{"line":21,"column":49}},"1":{"start":{"line":22,"column":52},"end":{"line":22,"column":66}},"2":{"start":{"line":23,"column":34},"end":{"line":23,"column":46}},"3":{"start":{"line":24,"column":30},"end":{"line":24,"column":60}},"4":{"start":{"line":25,"column":32},"end":{"line":25,"column":60}},"5":{"start":{"line":26,"column":28},"end":{"line":26,"column":40}},"6":{"start":{"line":28,"column":2},"end":{"line":45,"column":9}},"7":{"start":{"line":29,"column":4},"end":{"line":44,"column":9}},"8":{"start":{"line":30,"column":24},"end":{"line":30,"column":44}},"9":{"start":{"line":31,"column":6},"end":{"line":31,"column":29}},"10":{"start":{"line":33,"column":6},"end":{"line":42,"column":7}},"11":{"start":{"line":36,"column":23},"end":{"line":36,"column":44}},"12":{"start":{"line":37,"column":8},"end":{"line":39,"column":9}},"13":{"start":{"line":38,"column":10},"end":{"line":38,"column":28}},"14":{"start":{"line":43,"column":6},"end":{"line":43,"column":34}},"15":{"start":{"line":47,"column":2},"end":{"line":51,"column":17}},"16":{"start":{"line":48,"column":4},"end":{"line":50,"column":5}},"17":{"start":{"line":49,"column":6},"end":{"line":49,"column":43}},"18":{"start":{"line":54,"column":4},"end":{"line":58,"column":5}},"19":{"start":{"line":55,"column":6},"end":{"line":55,"column":35}},"20":{"start":{"line":56,"column":6},"end":{"line":56,"column":24}},"21":{"start":{"line":57,"column":6},"end":{"line":57,"column":13}},"22":{"start":{"line":59,"column":22},"end":{"line":59,"column":42}},"23":{"start":{"line":60,"column":4},"end":{"line":64,"column":5}},"24":{"start":{"line":61,"column":6},"end":{"line":61,"column":24}},"25":{"start":{"line":63,"column":6},"end":{"line":63,"column":22}},"26":{"start":{"line":68,"column":4},"end":{"line":68,"column":30}},"27":{"start":{"line":68,"column":23},"end":{"line":68,"column":30}},"28":{"start":{"line":69,"column":4},"end":{"line":69,"column":40}},"29":{"start":{"line":70,"column":4},"end":{"line":70,"column":17}},"30":{"start":{"line":71,"column":4},"end":{"line":71,"column":42}},"31":{"start":{"line":74,"column":2},"end":{"line":76,"column":3}},"32":{"start":{"line":75,"column":4},"end":{"line":75,"column":55}},"33":{"start":{"line":78,"column":2},"end":{"line":103,"column":3}},"34":{"start":{"line":79,"column":4},"end":{"line":102,"column":6}},"35":{"start":{"line":105,"column":2},"end":{"line":131,"column":4}},"36":{"start":{"line":109,"column":29},"end":{"line":109,"column":33}},"37":{"start":{"line":113,"column":10},"end":{"line":116,"column":17}},"38":{"start":{"line":134,"column":15},"end":{"line":173,"column":2}}},"fnMap":{"0":{"name":"JournalScreen","decl":{"start":{"line":20,"column":24},"end":{"line":20,"column":37}},"loc":{"start":{"line":20,"column":40},"end":{"line":132,"column":1}},"line":20},"1":{"name":"(anonymous_1)","decl":{"start":{"line":28,"column":12},"end":{"line":28,"column":13}},"loc":{"start":{"line":28,"column":18},"end":{"line":45,"column":3}},"line":28},"2":{"name":"(anonymous_2)","decl":{"start":{"line":29,"column":5},"end":{"line":29,"column":6}},"loc":{"start":{"line":29,"column":17},"end":{"line":44,"column":5}},"line":29},"3":{"name":"(anonymous_3)","decl":{"start":{"line":47,"column":12},"end":{"line":47,"column":13}},"loc":{"start":{"line":47,"column":18},"end":{"line":51,"column":3}},"line":47},"4":{"name":"handlePinSubmit","decl":{"start":{"line":53,"column":17},"end":{"line":53,"column":32}},"loc":{"start":{"line":53,"column":35},"end":{"line":65,"column":3}},"line":53},"5":{"name":"handleAddEntry","decl":{"start":{"line":67,"column":17},"end":{"line":67,"column":31}},"loc":{"start":{"line":67,"column":34},"end":{"line":72,"column":3}},"line":67},"6":{"name":"(anonymous_6)","decl":{"start":{"line":109,"column":22},"end":{"line":109,"column":23}},"loc":{"start":{"line":109,"column":29},"end":{"line":109,"column":33}},"line":109},"7":{"name":"(anonymous_7)","decl":{"start":{"line":112,"column":20},"end":{"line":112,"column":21}},"loc":{"start":{"line":113,"column":10},"end":{"line":116,"column":17}},"line":113}},"branchMap":{"0":{"loc":{"start":{"line":33,"column":6},"end":{"line":42,"column":7}},"type":"if","locations":[{"start":{"line":33,"column":6},"end":{"line":42,"column":7}},{"start":{},"end":{}}],"line":33},"1":{"loc":{"start":{"line":37,"column":8},"end":{"line":39,"column":9}},"type":"if","locations":[{"start":{"line":37,"column":8},"end":{"line":39,"column":9}},{"start":{},"end":{}}],"line":37},"2":{"loc":{"start":{"line":48,"column":4},"end":{"line":50,"column":5}},"type":"if","locations":[{"start":{"line":48,"column":4},"end":{"line":50,"column":5}},{"start":{},"end":{}}],"line":48},"3":{"loc":{"start":{"line":54,"column":4},"end":{"line":58,"column":5}},"type":"if","locations":[{"start":{"line":54,"column":4},"end":{"line":58,"column":5}},{"start":{},"end":{}}],"line":54},"4":{"loc":{"start":{"line":60,"column":4},"end":{"line":64,"column":5}},"type":"if","locations":[{"start":{"line":60,"column":4},"end":{"line":64,"column":5}},{"start":{"line":62,"column":11},"end":{"line":64,"column":5}}],"line":60},"5":{"loc":{"start":{"line":68,"column":4},"end":{"line":68,"column":30}},"type":"if","locations":[{"start":{"line":68,"column":4},"end":{"line":68,"column":30}},{"start":{},"end":{}}],"line":68},"6":{"loc":{"start":{"line":74,"column":2},"end":{"line":76,"column":3}},"type":"if","locations":[{"start":{"line":74,"column":2},"end":{"line":76,"column":3}},{"start":{},"end":{}}],"line":74},"7":{"loc":{"start":{"line":74,"column":6},"end":{"line":74,"column":42}},"type":"binary-expr","locations":[{"start":{"line":74,"column":6},"end":{"line":74,"column":21}},{"start":{"line":74,"column":25},"end":{"line":74,"column":42}}],"line":74},"8":{"loc":{"start":{"line":78,"column":2},"end":{"line":103,"column":3}},"type":"if","locations":[{"start":{"line":78,"column":2},"end":{"line":103,"column":3}},{"start":{},"end":{}}],"line":78},"9":{"loc":{"start":{"line":84,"column":13},"end":{"line":84,"column":84}},"type":"cond-expr","locations":[{"start":{"line":84,"column":22},"end":{"line":84,"column":46}},{"start":{"line":84,"column":49},"end":{"line":84,"column":84}}],"line":84},"10":{"loc":{"start":{"line":86,"column":11},"end":{"line":88,"column":11}},"type":"binary-expr","locations":[{"start":{"line":86,"column":11},"end":{"line":86,"column":17}},{"start":{"line":87,"column":12},"end":{"line":87,"column":110}}],"line":86},"11":{"loc":{"start":{"line":99,"column":30},"end":{"line":99,"column":59}},"type":"cond-expr","locations":[{"start":{"line":99,"column":39},"end":{"line":99,"column":47}},{"start":{"line":99,"column":50},"end":{"line":99,"column":59}}],"line":99}},"s":{"0":17,"1":17,"2":17,"3":17,"4":17,"5":17,"6":17,"7":3,"8":3,"9":3,"10":3,"11":2,"12":2,"13":1,"14":3,"15":17,"16":6,"17":3,"18":3,"19":1,"20":1,"21":1,"22":2,"23":2,"24":1,"25":1,"26":1,"27":0,"28":1,"29":1,"30":1,"31":17,"32":3,"33":14,"34":6,"35":8,"36":4,"37":2,"38":1},"f":{"0":17,"1":3,"2":3,"3":6,"4":3,"5":1,"6":4,"7":2},"b":{"0":[2,1],"1":[1,1],"2":[3,3],"3":[1,2],"4":[1,1],"5":[0,1],"6":[3,14],"7":[17,14],"8":[6,8],"9":[4,2],"10":[6,4],"11":[4,2]},"_coverageSchema":"1a1c01bbd47fc00a2c39e90264f33305004495a9","hash":"c2fb13068d7a47dee3030e9454ccc70bc96e396d"}
,"/Users/derektaylor/projects/kemet/mobile/screens/LoginScreen.tsx": {"path":"/Users/derektaylor/projects/kemet/mobile/screens/LoginScreen.tsx","statementMap":{"0":{"start":{"line":8,"column":32},"end":{"line":8,"column":47}},"1":{"start":{"line":11,"column":4},"end":{"line":11,"column":21}},"2":{"start":{"line":12,"column":4},"end":{"line":23,"column":5}},"3":{"start":{"line":13,"column":6},"end":{"line":13,"column":20}},"4":{"start":{"line":14,"column":6},"end":{"line":14,"column":19}},"5":{"start":{"line":16,"column":6},"end":{"line":20,"column":7}},"6":{"start":{"line":19,"column":8},"end":{"line":19,"column":61}},"7":{"start":{"line":22,"column":6},"end":{"line":22,"column":24}},"8":{"start":{"line":26,"column":2},"end":{"line":38,"column":4}},"9":{"start":{"line":41,"column":15},"end":{"line":73,"column":2}}},"fnMap":{"0":{"name":"LoginScreen","decl":{"start":{"line":7,"column":24},"end":{"line":7,"column":35}},"loc":{"start":{"line":7,"column":80},"end":{"line":39,"column":1}},"line":7},"1":{"name":"handleLogin","decl":{"start":{"line":10,"column":17},"end":{"line":10,"column":28}},"loc":{"start":{"line":10,"column":31},"end":{"line":24,"column":3}},"line":10}},"branchMap":{"0":{"loc":{"start":{"line":16,"column":6},"end":{"line":20,"column":7}},"type":"if","locations":[{"start":{"line":16,"column":6},"end":{"line":20,"column":7}},{"start":{"line":18,"column":13},"end":{"line":20,"column":7}}],"line":16},"1":{"loc":{"start":{"line":19,"column":43},"end":{"line":19,"column":58}},"type":"binary-expr","locations":[{"start":{"line":19,"column":43},"end":{"line":19,"column":53}},{"start":{"line":19,"column":57},"end":{"line":19,"column":58}}],"line":19}},"s":{"0":6,"1":3,"2":3,"3":3,"4":1,"5":2,"6":1,"7":3,"8":6,"9":1},"f":{"0":6,"1":3},"b":{"0":[1,1],"1":[1,0]},"_coverageSchema":"1a1c01bbd47fc00a2c39e90264f33305004495a9","hash":"ca195e073b8aee1fb72c2b4714a61776a0ae6ae7"}
,"/Users/derektaylor/projects/kemet/mobile/screens/PracticeScreen.tsx": {"path":"/Users/derektaylor/projects/kemet/mobile/screens/PracticeScreen.tsx","statementMap":{"0":{"start":{"line":8,"column":32},"end":{"line":8,"column":69}},"1":{"start":{"line":9,"column":32},"end":{"line":9,"column":46}},"2":{"start":{"line":10,"column":28},"end":{"line":10,"column":57}},"3":{"start":{"line":12,"column":2},"end":{"line":21,"column":9}},"4":{"start":{"line":16,"column":4},"end":{"line":20,"column":40}},"5":{"start":{"line":17,"column":25},"end":{"line":17,"column":62}},"6":{"start":{"line":19,"column":20},"end":{"line":19,"column":52}},"7":{"start":{"line":20,"column":21},"end":{"line":20,"column":38}},"8":{"start":{"line":24,"column":4},"end":{"line":29,"column":5}},"9":{"start":{"line":25,"column":21},"end":{"line":25,"column":49}},"10":{"start":{"line":26,"column":6},"end":{"line":26,"column":71}},"11":{"start":{"line":28,"column":6},"end":{"line":28,"column":51}},"12":{"start":{"line":32,"column":2},"end":{"line":32,"column":66}},"13":{"start":{"line":32,"column":15},"end":{"line":32,"column":66}},"14":{"start":{"line":33,"column":2},"end":{"line":33,"column":62}},"15":{"start":{"line":33,"column":13},"end":{"line":33,"column":62}},"16":{"start":{"line":34,"column":2},"end":{"line":34,"column":28}},"17":{"start":{"line":34,"column":16},"end":{"line":34,"column":28}},"18":{"start":{"line":36,"column":2},"end":{"line":109,"column":4}},"19":{"start":{"line":51,"column":10},"end":{"line":51,"column":62}},"20":{"start":{"line":73,"column":10},"end":{"line":79,"column":17}},"21":{"start":{"line":86,"column":10},"end":{"line":86,"column":65}},"22":{"start":{"line":93,"column":10},"end":{"line":96,"column":17}},"23":{"start":{"line":103,"column":10},"end":{"line":103,"column":61}},"24":{"start":{"line":112,"column":15},"end":{"line":155,"column":2}}},"fnMap":{"0":{"name":"PracticeScreen","decl":{"start":{"line":7,"column":24},"end":{"line":7,"column":38}},"loc":{"start":{"line":7,"column":41},"end":{"line":110,"column":1}},"line":7},"1":{"name":"(anonymous_1)","decl":{"start":{"line":12,"column":12},"end":{"line":12,"column":13}},"loc":{"start":{"line":12,"column":18},"end":{"line":21,"column":3}},"line":12},"2":{"name":"(anonymous_2)","decl":{"start":{"line":17,"column":12},"end":{"line":17,"column":13}},"loc":{"start":{"line":17,"column":25},"end":{"line":17,"column":62}},"line":17},"3":{"name":"(anonymous_3)","decl":{"start":{"line":19,"column":13},"end":{"line":19,"column":14}},"loc":{"start":{"line":19,"column":20},"end":{"line":19,"column":52}},"line":19},"4":{"name":"(anonymous_4)","decl":{"start":{"line":20,"column":15},"end":{"line":20,"column":16}},"loc":{"start":{"line":20,"column":21},"end":{"line":20,"column":38}},"line":20},"5":{"name":"handleComplete","decl":{"start":{"line":23,"column":17},"end":{"line":23,"column":31}},"loc":{"start":{"line":23,"column":34},"end":{"line":30,"column":3}},"line":23},"6":{"name":"(anonymous_6)","decl":{"start":{"line":50,"column":35},"end":{"line":50,"column":36}},"loc":{"start":{"line":51,"column":10},"end":{"line":51,"column":62}},"line":51},"7":{"name":"(anonymous_7)","decl":{"start":{"line":72,"column":56},"end":{"line":72,"column":57}},"loc":{"start":{"line":73,"column":10},"end":{"line":79,"column":17}},"line":73},"8":{"name":"(anonymous_8)","decl":{"start":{"line":85,"column":27},"end":{"line":85,"column":28}},"loc":{"start":{"line":86,"column":10},"end":{"line":86,"column":65}},"line":86},"9":{"name":"(anonymous_9)","decl":{"start":{"line":92,"column":43},"end":{"line":92,"column":44}},"loc":{"start":{"line":93,"column":10},"end":{"line":96,"column":17}},"line":93},"10":{"name":"(anonymous_10)","decl":{"start":{"line":102,"column":36},"end":{"line":102,"column":37}},"loc":{"start":{"line":103,"column":10},"end":{"line":103,"column":61}},"line":103}},"branchMap":{"0":{"loc":{"start":{"line":19,"column":36},"end":{"line":19,"column":50}},"type":"binary-expr","locations":[{"start":{"line":19,"column":36},"end":{"line":19,"column":45}},{"start":{"line":19,"column":49},"end":{"line":19,"column":50}}],"line":19},"1":{"loc":{"start":{"line":28,"column":34},"end":{"line":28,"column":48}},"type":"binary-expr","locations":[{"start":{"line":28,"column":34},"end":{"line":28,"column":43}},{"start":{"line":28,"column":47},"end":{"line":28,"column":48}}],"line":28},"2":{"loc":{"start":{"line":32,"column":2},"end":{"line":32,"column":66}},"type":"if","locations":[{"start":{"line":32,"column":2},"end":{"line":32,"column":66}},{"start":{},"end":{}}],"line":32},"3":{"loc":{"start":{"line":33,"column":2},"end":{"line":33,"column":62}},"type":"if","locations":[{"start":{"line":33,"column":2},"end":{"line":33,"column":62}},{"start":{},"end":{}}],"line":33},"4":{"loc":{"start":{"line":34,"column":2},"end":{"line":34,"column":28}},"type":"if","locations":[{"start":{"line":34,"column":2},"end":{"line":34,"column":28}},{"start":{},"end":{}}],"line":34}},"s":{"0":6,"1":6,"2":6,"3":6,"4":3,"5":2,"6":1,"7":3,"8":2,"9":2,"10":1,"11":1,"12":6,"13":3,"14":3,"15":1,"16":2,"17":0,"18":2,"19":2,"20":2,"21":2,"22":2,"23":2,"24":1},"f":{"0":6,"1":3,"2":2,"3":1,"4":3,"5":2,"6":2,"7":2,"8":2,"9":2,"10":2},"b":{"0":[1,0],"1":[1,0],"2":[3,3],"3":[1,2],"4":[0,2]},"_coverageSchema":"1a1c01bbd47fc00a2c39e90264f33305004495a9","hash":"2fb68bd311a3e0cf06d1f1f1bfb96c8387ddfa7f"}
}
