TN:
SF:App.tsx
FN:26,App
FN:33,(anonymous_1)
FN:34,(anonymous_2)
FN:37,handleLogout
FN:47,(anonymous_4)
FN:58,(anonymous_5)
FN:68,(anonymous_6)
FN:69,(anonymous_7)
FN:78,(anonymous_8)
FN:79,(anonymous_9)
FN:87,TabButton
FNF:11
FNH:11
FNDA:12,App
FNDA:3,(anonymous_1)
FNDA:1,(anonymous_2)
FNDA:1,handleLogout
FNDA:1,(anonymous_4)
FNDA:12,(anonymous_5)
FNDA:1,(anonymous_6)
FNDA:1,(anonymous_7)
FNDA:24,(anonymous_8)
FNDA:3,(anonymous_9)
FNDA:24,TabButton
DA:19,1
DA:27,12
DA:28,12
DA:31,12
DA:33,12
DA:34,3
DA:38,1
DA:39,1
DA:42,12
DA:44,9
DA:45,3
DA:47,1
DA:53,6
DA:58,12
DA:69,1
DA:70,1
DA:79,24
DA:88,24
DA:96,1
LF:19
LH:19
BRDA:42,0,0,3
BRDA:42,0,1,9
BRDA:44,1,0,3
BRDA:44,1,1,6
BRDA:65,2,0,6
BRDA:65,2,1,3
BRDA:66,3,0,6
BRDA:66,3,1,1
BRDA:74,4,0,6
BRDA:74,4,1,1
BRDA:75,5,0,6
BRDA:75,5,1,1
BRDA:89,6,0,24
BRDA:89,6,1,6
BRDA:90,7,0,24
BRDA:90,7,1,6
BRDA:91,8,0,24
BRDA:91,8,1,6
BRF:18
BRH:18
end_of_record
TN:
SF:components/ui.tsx
FN:25,KemetButton
FN:39,(anonymous_1)
FN:57,Card
FN:61,SectionTitle
FN:72,EmptyState
FNF:5
FNH:5
FNDA:28,KemetButton
FNDA:28,(anonymous_1)
FNDA:40,Card
FNDA:13,SectionTitle
FNDA:12,EmptyState
DA:34,28
DA:35,28
DA:39,28
DA:58,40
DA:62,13
DA:73,12
DA:81,6
LF:7
LH:7
BRDA:27,0,0,28
BRDA:28,1,0,17
BRDA:34,2,0,28
BRDA:34,2,1,13
BRDA:42,3,0,28
BRDA:42,3,1,0
BRDA:42,3,2,0
BRDA:43,4,0,28
BRDA:43,4,1,16
BRDA:48,5,0,1
BRDA:48,5,1,27
BRDA:49,6,0,1
BRDA:49,6,1,0
BRDA:65,7,0,13
BRDA:65,7,1,13
BRF:15
BRH:12
end_of_record
TN:
SF:lib/api.ts
FN:9,authorizedFetch
FN:22,(anonymous_1)
FN:54,fetchFacultyList
FN:59,fetchFaculty
FN:70,fetchUserProfile
FN:75,setActiveFaculty
FN:83,markPracticeComplete
FN:93,sendCompanionMessage
FNF:8
FNH:8
FNDA:9,authorizedFetch
FNDA:1,(anonymous_1)
FNDA:3,fetchFacultyList
FNDA:1,fetchFaculty
FNDA:2,fetchUserProfile
FNDA:1,setActiveFaculty
FNDA:1,markPracticeComplete
FNDA:1,sendCompanionMessage
DA:7,1
DA:12,9
DA:13,9
DA:21,9
DA:22,2
DA:23,2
DA:25,7
DA:55,3
DA:56,2
DA:60,1
DA:61,1
DA:71,2
DA:72,1
DA:76,1
DA:80,1
DA:84,1
DA:85,1
DA:94,1
DA:98,1
LF:19
LH:19
BRDA:9,0,0,6
BRDA:16,1,0,9
BRDA:16,1,1,9
BRDA:21,2,0,2
BRDA:21,2,1,7
BRF:5
BRH:5
end_of_record
TN:
SF:lib/auth0Client.ts
FN:13,login
FN:29,logout
FN:34,hasValidCredentials
FN:40,getAccessToken
FNF:4
FNH:4
FNDA:1,login
FNDA:1,logout
FNDA:1,hasValidCredentials
FNDA:1,getAccessToken
DA:8,1
DA:14,1
DA:26,1
DA:30,1
DA:31,1
DA:35,1
DA:41,1
DA:42,1
LF:8
LH:8
BRF:0
BRH:0
end_of_record
TN:
SF:lib/journalStorage.ts
FN:30,getJournalEntries
FN:35,addJournalEntry
FN:41,getStoredPin
FN:45,setStoredPin
FN:55,requireReauth
FNF:5
FNH:5
FNDA:3,getJournalEntries
FNDA:1,addJournalEntry
FNDA:1,getStoredPin
FNDA:1,setStoredPin
FNDA:4,requireReauth
DA:21,1
DA:22,1
DA:31,3
DA:32,3
DA:36,1
DA:37,1
DA:38,1
DA:42,1
DA:46,1
DA:56,4
DA:57,4
DA:58,4
DA:59,2
DA:62,2
DA:67,2
LF:15
LH:15
BRDA:32,0,0,2
BRDA:32,0,1,1
BRDA:58,1,0,2
BRDA:58,1,1,2
BRDA:58,2,0,4
BRDA:58,2,1,3
BRDA:67,3,0,1
BRDA:67,3,1,1
BRF:8
BRH:8
end_of_record
TN:
SF:screens/CompanionScreen.tsx
FN:13,CompanionScreen
FN:18,handleSend
FN:23,(anonymous_2)
FN:29,(anonymous_3)
FN:34,(anonymous_4)
FN:50,(anonymous_5)
FN:58,(anonymous_6)
FNF:7
FNH:7
FNDA:7,CompanionScreen
FNDA:2,handleSend
FNDA:2,(anonymous_2)
FNDA:1,(anonymous_3)
FNDA:1,(anonymous_4)
FNDA:6,(anonymous_5)
FNDA:4,(anonymous_6)
DA:14,7
DA:15,7
DA:16,7
DA:19,2
DA:20,2
DA:22,2
DA:23,2
DA:24,2
DA:25,2
DA:27,2
DA:28,2
DA:29,1
DA:34,1
DA:39,2
DA:43,7
DA:50,6
DA:59,4
DA:85,1
LF:18
LH:18
BRDA:20,0,0,0
BRDA:20,0,1,2
BRDA:20,1,0,2
BRDA:20,1,1,2
BRDA:36,2,0,1
BRDA:36,2,1,0
BRDA:46,3,0,7
BRDA:46,3,1,0
BRDA:59,4,0,2
BRDA:59,4,1,2
BRDA:60,5,0,4
BRDA:60,5,1,2
BRDA:65,6,0,4
BRDA:65,6,1,2
BRDA:79,7,0,7
BRDA:79,7,1,7
BRF:16
BRH:13
end_of_record
TN:
SF:screens/FacultiesScreen.tsx
FN:7,FacultiesScreen
FN:13,(anonymous_1)
FN:15,(anonymous_2)
FN:19,(anonymous_3)
FN:20,(anonymous_4)
FN:23,handleSelect
FN:50,(anonymous_6)
FN:52,(anonymous_7)
FN:57,(anonymous_8)
FNF:9
FNH:9
FNDA:10,FacultiesScreen
FNDA:4,(anonymous_1)
FNDA:3,(anonymous_2)
FNDA:1,(anonymous_3)
FNDA:4,(anonymous_4)
FNDA:3,handleSelect
FNDA:10,(anonymous_6)
FNDA:7,(anonymous_7)
FNDA:3,(anonymous_8)
DA:8,10
DA:9,10
DA:10,10
DA:11,10
DA:13,10
DA:14,4
DA:16,3
DA:17,3
DA:19,1
DA:20,4
DA:24,3
DA:25,2
DA:26,2
DA:27,2
DA:28,1
DA:29,1
DA:31,1
DA:33,2
DA:37,10
DA:39,6
DA:50,10
DA:53,7
DA:54,7
DA:57,3
DA:80,1
LF:25
LH:25
BRDA:19,0,0,1
BRDA:19,0,1,0
BRDA:24,1,0,1
BRDA:24,1,1,2
BRDA:31,2,0,1
BRDA:31,2,1,0
BRDA:37,3,0,4
BRDA:37,3,1,6
BRDA:56,4,0,7
BRDA:56,4,1,3
BRDA:60,5,0,7
BRDA:60,5,1,3
BRDA:61,6,0,7
BRDA:61,6,1,3
BRDA:64,7,0,7
BRDA:64,7,1,3
BRDA:65,8,0,7
BRDA:65,8,1,3
BRDA:67,9,0,0
BRDA:67,9,1,7
BRDA:69,10,0,3
BRDA:69,10,1,4
BRF:22
BRH:19
end_of_record
TN:
SF:screens/JournalScreen.tsx
FN:20,JournalScreen
FN:28,(anonymous_1)
FN:29,(anonymous_2)
FN:47,(anonymous_3)
FN:53,handlePinSubmit
FN:67,handleAddEntry
FN:109,(anonymous_6)
FN:112,(anonymous_7)
FNF:8
FNH:8
FNDA:17,JournalScreen
FNDA:3,(anonymous_1)
FNDA:3,(anonymous_2)
FNDA:6,(anonymous_3)
FNDA:3,handlePinSubmit
FNDA:1,handleAddEntry
FNDA:4,(anonymous_6)
FNDA:2,(anonymous_7)
DA:21,17
DA:22,17
DA:23,17
DA:24,17
DA:25,17
DA:26,17
DA:28,17
DA:29,3
DA:30,3
DA:31,3
DA:33,3
DA:36,2
DA:37,2
DA:38,1
DA:43,3
DA:47,17
DA:48,6
DA:49,3
DA:54,3
DA:55,1
DA:56,1
DA:57,1
DA:59,2
DA:60,2
DA:61,1
DA:63,1
DA:68,1
DA:69,1
DA:70,1
DA:71,1
DA:74,17
DA:75,3
DA:78,14
DA:79,6
DA:105,8
DA:109,4
DA:113,2
DA:134,1
LF:38
LH:38
BRDA:33,0,0,2
BRDA:33,0,1,1
BRDA:37,1,0,1
BRDA:37,1,1,1
BRDA:48,2,0,3
BRDA:48,2,1,3
BRDA:54,3,0,1
BRDA:54,3,1,2
BRDA:60,4,0,1
BRDA:60,4,1,1
BRDA:68,5,0,0
BRDA:68,5,1,1
BRDA:74,6,0,3
BRDA:74,6,1,14
BRDA:74,7,0,17
BRDA:74,7,1,14
BRDA:78,8,0,6
BRDA:78,8,1,8
BRDA:84,9,0,4
BRDA:84,9,1,2
BRDA:86,10,0,6
BRDA:86,10,1,4
BRDA:99,11,0,4
BRDA:99,11,1,2
BRF:24
BRH:23
end_of_record
TN:
SF:screens/LoginScreen.tsx
FN:7,LoginScreen
FN:10,handleLogin
FNF:2
FNH:2
FNDA:6,LoginScreen
FNDA:3,handleLogin
DA:8,6
DA:11,3
DA:12,3
DA:13,3
DA:14,1
DA:16,2
DA:19,1
DA:22,3
DA:26,6
DA:41,1
LF:10
LH:10
BRDA:16,0,0,1
BRDA:16,0,1,1
BRDA:19,1,0,1
BRDA:19,1,1,0
BRF:4
BRH:3
end_of_record
TN:
SF:screens/PracticeScreen.tsx
FN:7,PracticeScreen
FN:12,(anonymous_1)
FN:17,(anonymous_2)
FN:19,(anonymous_3)
FN:20,(anonymous_4)
FN:23,handleComplete
FN:50,(anonymous_6)
FN:72,(anonymous_7)
FN:85,(anonymous_8)
FN:92,(anonymous_9)
FN:102,(anonymous_10)
FNF:11
FNH:11
FNDA:6,PracticeScreen
FNDA:3,(anonymous_1)
FNDA:2,(anonymous_2)
FNDA:1,(anonymous_3)
FNDA:3,(anonymous_4)
FNDA:2,handleComplete
FNDA:2,(anonymous_6)
FNDA:2,(anonymous_7)
FNDA:2,(anonymous_8)
FNDA:2,(anonymous_9)
FNDA:2,(anonymous_10)
DA:8,6
DA:9,6
DA:10,6
DA:12,6
DA:16,3
DA:17,2
DA:19,1
DA:20,3
DA:24,2
DA:25,2
DA:26,1
DA:28,1
DA:32,6
DA:33,3
DA:34,2
DA:36,2
DA:51,2
DA:73,2
DA:86,2
DA:93,2
DA:103,2
DA:112,1
LF:22
LH:22
BRDA:19,0,0,1
BRDA:19,0,1,0
BRDA:28,1,0,1
BRDA:28,1,1,0
BRDA:32,2,0,3
BRDA:32,2,1,3
BRDA:33,3,0,1
BRDA:33,3,1,2
BRDA:34,4,0,0
BRDA:34,4,1,2
BRF:10
BRH:7
end_of_record
